<?xml version="1.0" encoding="UTF-8"?>
<testsuites name="Mocha Tests" time="52.943" tests="1" failures="1">
  <testsuite name="Root Suite" timestamp="2023-02-10T05:10:12" tests="0" file="cypress\e2e\Features\TC-10_tc030RLZ32112.feature" time="0.000" failures="0">
  </testsuite>
  <testsuite name="Verify rectangular/square class card based on screen resolution for teacher user" timestamp="2023-02-10T05:10:12" tests="1" time="52.819" failures="1">
    <testcase name="Verify rectangular/square class card based on screen resolution for teacher user Verify rectangular/square class card based on screen resolution for teacher user (example #1)" time="0.000" classname="Verify rectangular/square class card based on screen resolution for teacher user (example #1)">
      <failure message="Timed out retrying after 30000ms: expected &apos;&lt;div.h-100.pr-0.className.col-9&gt;&apos; to have attribute &apos;style&apos; with the value &apos;max-width: 457px;&apos;, but the value was &apos;max-width: 456px;&apos;" type="AssertionError"><![CDATA[AssertionError: Timed out retrying after 30000ms: expected '<div.h-100.pr-0.className.col-9>' to have attribute 'style' with the value 'max-width: 457px;', but the value was 'max-width: 456px;'
    at Context.eval (https://nightly-sso.rumba.pk12ls.com/__cypress/tests?p=cypress\e2e\Features\TC-10_tc030RLZ32112.feature:15521:82)
    at Registry.runStepDefininition (https://nightly-sso.rumba.pk12ls.com/__cypress/tests?p=cypress\e2e\Features\TC-10_tc030RLZ32112.feature:8337:48)
    at Context.eval (https://nightly-sso.rumba.pk12ls.com/__cypress/tests?p=cypress\e2e\Features\TC-10_tc030RLZ32112.feature:9113:48)

      + expected - actual

      -'max-width: 456px;'
      +'max-width: 457px;'
      ]]></failure>
    </testcase>
  </testsuite>
</testsuites>